Using pre-set license
Built from '2020.3/staging' branch; Version is '2020.3.17f1 (a4537701e4ab) revision 10769271'; Using compiler version '192528614'; Build Type 'Release'
OS: 'Windows 10 Home; OS build 19042.1237; Version 2009; 64bit' Language: 'en' Physical Memory: 16195 MB
BatchMode: 1, IsHumanControllingUs: 0, StartBugReporterOnCrash: 0, Is64bit: 1, IsPro: 0

COMMAND LINE ARGUMENTS:
C:\Program Files\Unity\Hub\Editor\2020.3.17f1\Editor\Unity.exe
-adb2
-batchMode
-noUpm
-name
AssetImportWorker0
-projectPath
C:/Users/inger/OneDrive/Documents/HKU/Y1/ISA/VR-Puzzle-Game/VR puzzler
-logFile
Logs/AssetImportWorker0.log
-srvPort
55074
Successfully changed project path to: C:/Users/inger/OneDrive/Documents/HKU/Y1/ISA/VR-Puzzle-Game/VR puzzler
C:/Users/inger/OneDrive/Documents/HKU/Y1/ISA/VR-Puzzle-Game/VR puzzler
Using Asset Import Pipeline V2.
Refreshing native plugins compatible for Editor in 734.82 ms, found 19 plugins.
Preloading 2 native plugins for Editor in 29.43 ms.
Initialize engine version: 2020.3.17f1 (a4537701e4ab)
[Subsystems] Discovering subsystems at path C:/Program Files/Unity/Hub/Editor/2020.3.17f1/Editor/Data/Resources/UnitySubsystems
[Subsystems] Discovering subsystems at path C:/Users/inger/OneDrive/Documents/HKU/Y1/ISA/VR-Puzzle-Game/VR puzzler/Assets
GfxDevice: creating device client; threaded=0
Direct3D:
    Version:  Direct3D 11.0 [level 11.1]
    Renderer: NVIDIA Quadro P1000 (ID=0x1cbb)
    Vendor:   
    VRAM:     4019 MB
    Driver:   27.21.14.5296
Initialize mono
Mono path[0] = 'C:/Program Files/Unity/Hub/Editor/2020.3.17f1/Editor/Data/Managed'
Mono path[1] = 'C:/Program Files/Unity/Hub/Editor/2020.3.17f1/Editor/Data/MonoBleedingEdge/lib/mono/unityjit'
Mono config path = 'C:/Program Files/Unity/Hub/Editor/2020.3.17f1/Editor/Data/MonoBleedingEdge/etc'
Using monoOptions --debugger-agent=transport=dt_socket,embedding=1,server=y,suspend=n,address=127.0.0.1:56692
Begin MonoManager ReloadAssembly
Registering precompiled unity dll's ...
Register platform support module: C:/Program Files/Unity/Hub/Editor/2020.3.17f1/Editor/Data/PlaybackEngines/WebGLSupport/UnityEditor.WebGL.Extensions.dll
Register platform support module: C:/Program Files/Unity/Hub/Editor/2020.3.17f1/Editor/Data/PlaybackEngines/WindowsStandaloneSupport/UnityEditor.WindowsStandalone.Extensions.dll
Registered in 0.003126 seconds.
Native extension for WindowsStandalone target not found
Native extension for WebGL target not found
Refreshing native plugins compatible for Editor in 102.20 ms, found 19 plugins.
Preloading 2 native plugins for Editor in 0.15 ms.
Mono: successfully reloaded assembly
- Completed reload, in  1.706 seconds
Domain Reload Profiling:
	ReloadAssembly (1706ms)
		BeginReloadAssembly (61ms)
			ExecutionOrderSort (0ms)
			DisableScriptedObjects (0ms)
			BackupInstance (0ms)
			ReleaseScriptingObjects (0ms)
			CreateAndSetChildDomain (1ms)
		EndReloadAssembly (608ms)
			LoadAssemblies (58ms)
			RebuildTransferFunctionScriptingTraits (0ms)
			SetupTypeCache (162ms)
			ReleaseScriptCaches (0ms)
			RebuildScriptCaches (38ms)
			SetupLoadedEditorAssemblies (316ms)
				LogAssemblyErrors (0ms)
				InitializePlatformSupportModulesInManaged (9ms)
				SetLoadedEditorAssemblies (0ms)
				RefreshPlugins (102ms)
				BeforeProcessingInitializeOnLoad (25ms)
				ProcessInitializeOnLoadAttributes (129ms)
				ProcessInitializeOnLoadMethodAttributes (50ms)
				AfterProcessingInitializeOnLoad (0ms)
				EditorAssembliesLoaded (1ms)
			ExecutionOrderSort2 (0ms)
			AwakeInstancesAfterBackupRestoration (0ms)
Platform modules already initialized, skipping
Registering precompiled user dll's ...
Registered in 0.520722 seconds.
Begin MonoManager ReloadAssembly
Native extension for WindowsStandalone target not found
Native extension for WebGL target not found
Refreshing native plugins compatible for Editor in 57.95 ms, found 19 plugins.
Preloading 2 native plugins for Editor in 0.13 ms.
System.Reflection.TargetInvocationException: Exception has been thrown by the target of an invocation. ---> System.NullReferenceException: Object reference not set to an instance of an object
  at Unity.XR.Oculus.OculusLoader.AssetPathToAbsolutePath (System.String assetPath) [0x0004c] in C:\Users\inger\OneDrive\Documents\HKU\Y1\ISA\VR-Puzzle-Game\VR puzzler\Library\PackageCache\com.unity.xr.oculus@1.10.0\Runtime\OculusLoader.cs:250 
  at Unity.XR.Oculus.OculusLoader.EditorLoadOVRPlugin () [0x000b0] in C:\Users\inger\OneDrive\Documents\HKU\Y1\ISA\VR-Puzzle-Game\VR puzzler\Library\PackageCache\com.unity.xr.oculus@1.10.0\Runtime\OculusLoader.cs:235 
  at (wrapper managed-to-native) System.Reflection.MonoMethod.InternalInvoke(System.Reflection.MonoMethod,object,object[],System.Exception&)
  at System.Reflection.MonoMethod.Invoke (System.Object obj, System.Reflection.BindingFlags invokeAttr, System.Reflection.Binder binder, System.Object[] parameters, System.Globalization.CultureInfo culture) [0x00032] in <695d1cc93cca45069c528c15c9fdd749>:0 
   --- End of inner exception stack trace ---
  at System.Reflection.MonoMethod.Invoke (System.Object obj, System.Reflection.BindingFlags invokeAttr, System.Reflection.Binder binder, System.Object[] parameters, System.Globalization.CultureInfo culture) [0x00048] in <695d1cc93cca45069c528c15c9fdd749>:0 
  at System.Reflection.MethodBase.Invoke (System.Object obj, System.Object[] parameters) [0x00000] in <695d1cc93cca45069c528c15c9fdd749>:0 
  at UnityEditor.EditorAssemblies.ProcessInitializeOnLoadMethodAttributes () [0x00047] in <d0e4b8c1204147f3935b6e9c8b8565ad>:0 
UnityEngine.StackTraceUtility:ExtractStackTrace ()
UnityEngine.DebugLogHandler:LogFormat (UnityEngine.LogType,UnityEngine.Object,string,object[])
UnityEngine.Logger:Log (UnityEngine.LogType,object)
UnityEngine.Debug:LogError (object)
UnityEditor.EditorAssemblies:ProcessInitializeOnLoadMethodAttributes ()

Mono: successfully reloaded assembly
- Completed reload, in  1.542 seconds
Domain Reload Profiling:
	ReloadAssembly (1542ms)
		BeginReloadAssembly (156ms)
			ExecutionOrderSort (0ms)
			DisableScriptedObjects (5ms)
			BackupInstance (0ms)
			ReleaseScriptingObjects (0ms)
			CreateAndSetChildDomain (30ms)
		EndReloadAssembly (1319ms)
			LoadAssemblies (95ms)
			RebuildTransferFunctionScriptingTraits (0ms)
			SetupTypeCache (317ms)
			ReleaseScriptCaches (0ms)
			RebuildScriptCaches (63ms)
			SetupLoadedEditorAssemblies (702ms)
				LogAssemblyErrors (0ms)
				InitializePlatformSupportModulesInManaged (5ms)
				SetLoadedEditorAssemblies (0ms)
				RefreshPlugins (58ms)
				BeforeProcessingInitializeOnLoad (113ms)
				ProcessInitializeOnLoadAttributes (502ms)
				ProcessInitializeOnLoadMethodAttributes (14ms)
				AfterProcessingInitializeOnLoad (9ms)
				EditorAssembliesLoaded (0ms)
			ExecutionOrderSort2 (0ms)
			AwakeInstancesAfterBackupRestoration (7ms)
Platform modules already initialized, skipping
========================================================================
Worker process is ready to serve import requests
Launched and connected shader compiler UnityShaderCompiler.exe after 0.09 seconds
Refreshing native plugins compatible for Editor in 1.24 ms, found 19 plugins.
Preloading 2 native plugins for Editor in 0.22 ms.
Unloading 2548 Unused Serialized files (Serialized files now loaded: 0)
System memory in use before: 120.1 MB.
System memory in use after: 120.3 MB.

Unloading 42 unused Assets to reduce memory usage. Loaded Objects now: 3040.
Total: 5.143500 ms (FindLiveObjects: 0.210400 ms CreateObjectMapping: 0.092200 ms MarkObjects: 4.693400 ms  DeleteObjects: 0.146200 ms)

AssetImportParameters requested are different than current active one (requested -> active):
  custom:framework-win-MediaFoundation: 216162199b28c13a410421893ffa2e32 -> 
  custom:video-decoder-ogg-theora: a1e56fd34408186e4bbccfd4996cb3dc -> 
  custom:container-muxer-webm: aa71ff27fc2769a1b78a27578f13a17b -> 
  custom:container-demuxer-webm: 4f35f7cbe854078d1ac9338744f61a02 -> 
  custom:container-demuxer-ogg: 62fdf1f143b41e24485cea50d1cbac27 -> 
  custom:video-encoder-webm-vp8: eb34c28f22e8b96e1ab97ce403110664 -> 
  custom:video-codec-MediaFoundation-h265: 746d11721c4dcdbdad8f713fa42b33f4 -> 
  custom:video-decoder-webm-vp8: 9c59270c3fd7afecdb556c50c9e8de78 -> 
  custom:audio-decoder-ogg-vorbis: bf7c407c2cedff20999df2af8eb42d56 -> 
  custom:audio-encoder-webm-vorbis: bf7c407c2cedff20999df2af8eb42d56 -> 
========================================================================
Received Import Request.
  path: Assets/Scenes/Level5.unity
  artifactKey: Guid(ef96a027b99173449ae1e1e00a51b3cb) Importer(815301076,1909f56bfc062723c751e8b465ee728b)
Start importing Assets/Scenes/Level5.unity using Guid(ef96a027b99173449ae1e1e00a51b3cb) Importer(815301076,1909f56bfc062723c751e8b465ee728b)  -> (artifact id: 'ed7bc896c20633766a9a6adff9c87b20') in 0.021603 seconds 
  Import took 0.027161 seconds .

========================================================================
Received Prepare
Registering precompiled user dll's ...
Registered in 0.018432 seconds.
Begin MonoManager ReloadAssembly
Native extension for WindowsStandalone target not found
Native extension for WebGL target not found
Refreshing native plugins compatible for Editor in 1.28 ms, found 19 plugins.
Preloading 2 native plugins for Editor in 0.27 ms.
System.Reflection.TargetInvocationException: Exception has been thrown by the target of an invocation. ---> System.NullReferenceException: Object reference not set to an instance of an object
  at Unity.XR.Oculus.OculusLoader.AssetPathToAbsolutePath (System.String assetPath) [0x0004c] in C:\Users\inger\OneDrive\Documents\HKU\Y1\ISA\VR-Puzzle-Game\VR puzzler\Library\PackageCache\com.unity.xr.oculus@1.10.0\Runtime\OculusLoader.cs:250 
  at Unity.XR.Oculus.OculusLoader.EditorLoadOVRPlugin () [0x000b0] in C:\Users\inger\OneDrive\Documents\HKU\Y1\ISA\VR-Puzzle-Game\VR puzzler\Library\PackageCache\com.unity.xr.oculus@1.10.0\Runtime\OculusLoader.cs:235 
  at (wrapper managed-to-native) System.Reflection.MonoMethod.InternalInvoke(System.Reflection.MonoMethod,object,object[],System.Exception&)
  at System.Reflection.MonoMethod.Invoke (System.Object obj, System.Reflection.BindingFlags invokeAttr, System.Reflection.Binder binder, System.Object[] parameters, System.Globalization.CultureInfo culture) [0x00032] in <695d1cc93cca45069c528c15c9fdd749>:0 
   --- End of inner exception stack trace ---
  at System.Reflection.MonoMethod.Invoke (System.Object obj, System.Reflection.BindingFlags invokeAttr, System.Reflection.Binder binder, System.Object[] parameters, System.Globalization.CultureInfo culture) [0x00048] in <695d1cc93cca45069c528c15c9fdd749>:0 
  at System.Reflection.MethodBase.Invoke (System.Object obj, System.Object[] parameters) [0x00000] in <695d1cc93cca45069c528c15c9fdd749>:0 
  at UnityEditor.EditorAssemblies.ProcessInitializeOnLoadMethodAttributes () [0x00047] in <d0e4b8c1204147f3935b6e9c8b8565ad>:0 
UnityEngine.StackTraceUtility:ExtractStackTrace ()
UnityEngine.DebugLogHandler:LogFormat (UnityEngine.LogType,UnityEngine.Object,string,object[])
UnityEngine.Logger:Log (UnityEngine.LogType,object)
UnityEngine.Debug:LogError (object)
UnityEditor.EditorAssemblies:ProcessInitializeOnLoadMethodAttributes ()

Mono: successfully reloaded assembly
- Completed reload, in  1.995 seconds
Domain Reload Profiling:
	ReloadAssembly (1996ms)
		BeginReloadAssembly (172ms)
			ExecutionOrderSort (0ms)
			DisableScriptedObjects (7ms)
			BackupInstance (0ms)
			ReleaseScriptingObjects (0ms)
			CreateAndSetChildDomain (60ms)
		EndReloadAssembly (1730ms)
			LoadAssemblies (141ms)
			RebuildTransferFunctionScriptingTraits (0ms)
			SetupTypeCache (533ms)
			ReleaseScriptCaches (1ms)
			RebuildScriptCaches (57ms)
			SetupLoadedEditorAssemblies (806ms)
				LogAssemblyErrors (0ms)
				InitializePlatformSupportModulesInManaged (8ms)
				SetLoadedEditorAssemblies (1ms)
				RefreshPlugins (2ms)
				BeforeProcessingInitializeOnLoad (152ms)
				ProcessInitializeOnLoadAttributes (608ms)
				ProcessInitializeOnLoadMethodAttributes (21ms)
				AfterProcessingInitializeOnLoad (14ms)
				EditorAssembliesLoaded (1ms)
			ExecutionOrderSort2 (0ms)
			AwakeInstancesAfterBackupRestoration (13ms)
Platform modules already initialized, skipping
Refreshing native plugins compatible for Editor in 1.20 ms, found 19 plugins.
Preloading 2 native plugins for Editor in 0.16 ms.
Unloading 2471 Unused Serialized files (Serialized files now loaded: 0)
System memory in use before: 125.9 MB.
System memory in use after: 126.1 MB.

Unloading 35 unused Assets to reduce memory usage. Loaded Objects now: 3043.
Total: 4.005500 ms (FindLiveObjects: 0.333400 ms CreateObjectMapping: 0.183700 ms MarkObjects: 3.435000 ms  DeleteObjects: 0.052600 ms)

AssetImportParameters requested are different than current active one (requested -> active):
  custom:framework-win-MediaFoundation: 216162199b28c13a410421893ffa2e32 -> 
  custom:video-decoder-ogg-theora: a1e56fd34408186e4bbccfd4996cb3dc -> 
  custom:container-muxer-webm: aa71ff27fc2769a1b78a27578f13a17b -> 
  custom:container-demuxer-webm: 4f35f7cbe854078d1ac9338744f61a02 -> 
  custom:container-demuxer-ogg: 62fdf1f143b41e24485cea50d1cbac27 -> 
  custom:video-encoder-webm-vp8: eb34c28f22e8b96e1ab97ce403110664 -> 
  custom:video-codec-MediaFoundation-h265: 746d11721c4dcdbdad8f713fa42b33f4 -> 
  custom:video-decoder-webm-vp8: 9c59270c3fd7afecdb556c50c9e8de78 -> 
  custom:audio-decoder-ogg-vorbis: bf7c407c2cedff20999df2af8eb42d56 -> 
  custom:audio-encoder-webm-vorbis: bf7c407c2cedff20999df2af8eb42d56 -> 
========================================================================
Received Import Request.
  Time since last request: 80.159836 seconds.
  path: Assets/Scripts/Moveable.cs
  artifactKey: Guid(df30d8895e730bb47a85160adb36427a) Importer(815301076,1909f56bfc062723c751e8b465ee728b)
Start importing Assets/Scripts/Moveable.cs using Guid(df30d8895e730bb47a85160adb36427a) Importer(815301076,1909f56bfc062723c751e8b465ee728b)  -> (artifact id: 'e47ca5c64cb1228c8fb06d452ee9aa2c') in 0.048176 seconds 
  Import took 0.056222 seconds .

========================================================================
Received Import Request.
  Time since last request: 0.000912 seconds.
  path: Assets/Scripts/Moveable.cs
  artifactKey: Guid(df30d8895e730bb47a85160adb36427a) Importer(815301076,1909f56bfc062723c751e8b465ee728b)
Start importing Assets/Scripts/Moveable.cs using Guid(df30d8895e730bb47a85160adb36427a) Importer(815301076,1909f56bfc062723c751e8b465ee728b)  -> (artifact id: 'e47ca5c64cb1228c8fb06d452ee9aa2c') in 0.006761 seconds 
  Import took 0.012676 seconds .

========================================================================
Received Prepare
Registering precompiled user dll's ...
Registered in 0.026043 seconds.
Begin MonoManager ReloadAssembly
Native extension for WindowsStandalone target not found
Native extension for WebGL target not found
Refreshing native plugins compatible for Editor in 0.92 ms, found 19 plugins.
Preloading 2 native plugins for Editor in 0.15 ms.
System.Reflection.TargetInvocationException: Exception has been thrown by the target of an invocation. ---> System.NullReferenceException: Object reference not set to an instance of an object
  at Unity.XR.Oculus.OculusLoader.AssetPathToAbsolutePath (System.String assetPath) [0x0004c] in C:\Users\inger\OneDrive\Documents\HKU\Y1\ISA\VR-Puzzle-Game\VR puzzler\Library\PackageCache\com.unity.xr.oculus@1.10.0\Runtime\OculusLoader.cs:250 
  at Unity.XR.Oculus.OculusLoader.EditorLoadOVRPlugin () [0x000b0] in C:\Users\inger\OneDrive\Documents\HKU\Y1\ISA\VR-Puzzle-Game\VR puzzler\Library\PackageCache\com.unity.xr.oculus@1.10.0\Runtime\OculusLoader.cs:235 
  at (wrapper managed-to-native) System.Reflection.MonoMethod.InternalInvoke(System.Reflection.MonoMethod,object,object[],System.Exception&)
  at System.Reflection.MonoMethod.Invoke (System.Object obj, System.Reflection.BindingFlags invokeAttr, System.Reflection.Binder binder, System.Object[] parameters, System.Globalization.CultureInfo culture) [0x00032] in <695d1cc93cca45069c528c15c9fdd749>:0 
   --- End of inner exception stack trace ---
  at System.Reflection.MonoMethod.Invoke (System.Object obj, System.Reflection.BindingFlags invokeAttr, System.Reflection.Binder binder, System.Object[] parameters, System.Globalization.CultureInfo culture) [0x00048] in <695d1cc93cca45069c528c15c9fdd749>:0 
  at System.Reflection.MethodBase.Invoke (System.Object obj, System.Object[] parameters) [0x00000] in <695d1cc93cca45069c528c15c9fdd749>:0 
  at UnityEditor.EditorAssemblies.ProcessInitializeOnLoadMethodAttributes () [0x00047] in <d0e4b8c1204147f3935b6e9c8b8565ad>:0 
UnityEngine.StackTraceUtility:ExtractStackTrace ()
UnityEngine.DebugLogHandler:LogFormat (UnityEngine.LogType,UnityEngine.Object,string,object[])
UnityEngine.Logger:Log (UnityEngine.LogType,object)
UnityEngine.Debug:LogError (object)
UnityEditor.EditorAssemblies:ProcessInitializeOnLoadMethodAttributes ()

Mono: successfully reloaded assembly
- Completed reload, in  1.680 seconds
Domain Reload Profiling:
	ReloadAssembly (1680ms)
		BeginReloadAssembly (138ms)
			ExecutionOrderSort (0ms)
			DisableScriptedObjects (5ms)
			BackupInstance (0ms)
			ReleaseScriptingObjects (0ms)
			CreateAndSetChildDomain (43ms)
		EndReloadAssembly (1461ms)
			LoadAssemblies (123ms)
			RebuildTransferFunctionScriptingTraits (0ms)
			SetupTypeCache (410ms)
			ReleaseScriptCaches (1ms)
			RebuildScriptCaches (87ms)
			SetupLoadedEditorAssemblies (680ms)
				LogAssemblyErrors (0ms)
				InitializePlatformSupportModulesInManaged (6ms)
				SetLoadedEditorAssemblies (0ms)
				RefreshPlugins (1ms)
				BeforeProcessingInitializeOnLoad (115ms)
				ProcessInitializeOnLoadAttributes (534ms)
				ProcessInitializeOnLoadMethodAttributes (15ms)
				AfterProcessingInitializeOnLoad (9ms)
				EditorAssembliesLoaded (0ms)
			ExecutionOrderSort2 (0ms)
			AwakeInstancesAfterBackupRestoration (9ms)
Platform modules already initialized, skipping
Refreshing native plugins compatible for Editor in 1.10 ms, found 19 plugins.
Preloading 2 native plugins for Editor in 0.16 ms.
Unloading 2471 Unused Serialized files (Serialized files now loaded: 0)
System memory in use before: 126.0 MB.
System memory in use after: 126.2 MB.

Unloading 35 unused Assets to reduce memory usage. Loaded Objects now: 3046.
Total: 3.641500 ms (FindLiveObjects: 0.227400 ms CreateObjectMapping: 0.180700 ms MarkObjects: 3.181100 ms  DeleteObjects: 0.051400 ms)

AssetImportParameters requested are different than current active one (requested -> active):
  custom:framework-win-MediaFoundation: 216162199b28c13a410421893ffa2e32 -> 
  custom:video-decoder-ogg-theora: a1e56fd34408186e4bbccfd4996cb3dc -> 
  custom:container-muxer-webm: aa71ff27fc2769a1b78a27578f13a17b -> 
  custom:container-demuxer-webm: 4f35f7cbe854078d1ac9338744f61a02 -> 
  custom:container-demuxer-ogg: 62fdf1f143b41e24485cea50d1cbac27 -> 
  custom:video-encoder-webm-vp8: eb34c28f22e8b96e1ab97ce403110664 -> 
  custom:video-codec-MediaFoundation-h265: 746d11721c4dcdbdad8f713fa42b33f4 -> 
  custom:video-decoder-webm-vp8: 9c59270c3fd7afecdb556c50c9e8de78 -> 
  custom:audio-decoder-ogg-vorbis: bf7c407c2cedff20999df2af8eb42d56 -> 
  custom:audio-encoder-webm-vorbis: bf7c407c2cedff20999df2af8eb42d56 -> 
========================================================================
Received Import Request.
  Time since last request: 49.574101 seconds.
  path: Assets/Scripts/Moveable.cs
  artifactKey: Guid(df30d8895e730bb47a85160adb36427a) Importer(815301076,1909f56bfc062723c751e8b465ee728b)
Start importing Assets/Scripts/Moveable.cs using Guid(df30d8895e730bb47a85160adb36427a) Importer(815301076,1909f56bfc062723c751e8b465ee728b)  -> (artifact id: '3c57bb613b3927e1810c9a38ca2a8d16') in 0.007850 seconds 
  Import took 0.014701 seconds .

========================================================================
Received Import Request.
  Time since last request: 28.348999 seconds.
  path: Assets/Prefabs/BeamSplitter.prefab
  artifactKey: Guid(480f12f09be7e984889780117fa28c99) Importer(815301076,1909f56bfc062723c751e8b465ee728b)
Start importing Assets/Prefabs/BeamSplitter.prefab using Guid(480f12f09be7e984889780117fa28c99) Importer(815301076,1909f56bfc062723c751e8b465ee728b)  -> (artifact id: 'af7c5a2b288a88a7631101fe37c53201') in 0.206881 seconds 
  Import took 0.212893 seconds .

========================================================================
Received Import Request.
  Time since last request: 0.000290 seconds.
  path: Assets/Prefabs/LaserOrigin.prefab
  artifactKey: Guid(ae7801818855a3d44837e5b4eb04078f) Importer(815301076,1909f56bfc062723c751e8b465ee728b)
Start importing Assets/Prefabs/LaserOrigin.prefab using Guid(ae7801818855a3d44837e5b4eb04078f) Importer(815301076,1909f56bfc062723c751e8b465ee728b)  -> (artifact id: '1d6fa2965cba14150e1c9a8ca6ea1c2d') in 0.025615 seconds 
  Import took 0.031041 seconds .

========================================================================
Received Import Request.
  Time since last request: 0.000468 seconds.
  path: Assets/Prefabs/MoveableDoubleMirror.prefab
  artifactKey: Guid(09c800741692a1a458be625aa5ff5d14) Importer(815301076,1909f56bfc062723c751e8b465ee728b)
Start importing Assets/Prefabs/MoveableDoubleMirror.prefab using Guid(09c800741692a1a458be625aa5ff5d14) Importer(815301076,1909f56bfc062723c751e8b465ee728b)  -> (artifact id: '55050f16540ca3a935bbe70335426adb') in 0.073856 seconds 
  Import took 0.084767 seconds .

========================================================================
Received Import Request.
  Time since last request: 0.000584 seconds.
  path: Assets/Prefabs/StaticSingleMirror.prefab
  artifactKey: Guid(ce99c1a5debcc7a48b7a63a3e26385ae) Importer(815301076,1909f56bfc062723c751e8b465ee728b)
Start importing Assets/Prefabs/StaticSingleMirror.prefab using Guid(ce99c1a5debcc7a48b7a63a3e26385ae) Importer(815301076,1909f56bfc062723c751e8b465ee728b)  -> (artifact id: '5bbb4335d7b822213584b664d601c068') in 0.032733 seconds 
  Import took 0.039476 seconds .

========================================================================
Received Import Request.
  Time since last request: 0.000449 seconds.
  path: Assets/Prefabs/SpotOrigin.prefab
  artifactKey: Guid(9f6dd8068d485b742a33b3eda912dfc4) Importer(815301076,1909f56bfc062723c751e8b465ee728b)
Start importing Assets/Prefabs/SpotOrigin.prefab using Guid(9f6dd8068d485b742a33b3eda912dfc4) Importer(815301076,1909f56bfc062723c751e8b465ee728b)  -> (artifact id: '819c7904906c702ee286e3e07c8e1968') in 0.024601 seconds 
  Import took 0.031141 seconds .

========================================================================
Received Import Request.
  Time since last request: 0.000401 seconds.
  path: Assets/Prefabs/Room.prefab
  artifactKey: Guid(ffab5c46f36ba2e40b374a44c6144c5b) Importer(815301076,1909f56bfc062723c751e8b465ee728b)
Start importing Assets/Prefabs/Room.prefab using Guid(ffab5c46f36ba2e40b374a44c6144c5b) Importer(815301076,1909f56bfc062723c751e8b465ee728b)  -> (artifact id: '0d9c66315e1c0fe894355adb0136979d') in 0.022923 seconds 
  Import took 0.030102 seconds .

========================================================================
Received Import Request.
  Time since last request: 0.000812 seconds.
  path: Assets/Prefabs/GameManager.prefab
  artifactKey: Guid(4b61537c354c3fb4cae78e63016630d6) Importer(815301076,1909f56bfc062723c751e8b465ee728b)
Start importing Assets/Prefabs/GameManager.prefab using Guid(4b61537c354c3fb4cae78e63016630d6) Importer(815301076,1909f56bfc062723c751e8b465ee728b)  -> (artifact id: '8ccb3ffec48a32e1a2b16c0caa9772c3') in 0.018083 seconds 
  Import took 0.025045 seconds .

========================================================================
Received Import Request.
  Time since last request: 0.000556 seconds.
  path: Assets/Prefabs/MoveableSingleMirror.prefab
  artifactKey: Guid(413b5800da1b719449e7faa7d129cab4) Importer(815301076,1909f56bfc062723c751e8b465ee728b)
Start importing Assets/Prefabs/MoveableSingleMirror.prefab using Guid(413b5800da1b719449e7faa7d129cab4) Importer(815301076,1909f56bfc062723c751e8b465ee728b)  -> (artifact id: 'a9597043dc3e34e942ba14d4d5a87b9a') in 0.054239 seconds 
  Import took 0.062329 seconds .

========================================================================
Received Import Request.
  Time since last request: 0.000381 seconds.
  path: Assets/Prefabs/StaticDoubleMirror.prefab
  artifactKey: Guid(6880b1a941a48ef418e019336da92bc8) Importer(815301076,1909f56bfc062723c751e8b465ee728b)
Start importing Assets/Prefabs/StaticDoubleMirror.prefab using Guid(6880b1a941a48ef418e019336da92bc8) Importer(815301076,1909f56bfc062723c751e8b465ee728b)  -> (artifact id: 'cba5394ac6d473743eee9b734d1a7b32') in 0.026876 seconds 
  Import took 0.032682 seconds .

========================================================================
Received Import Request.
  Time since last request: 0.002598 seconds.
  path: Assets/Prefabs/StaticDoubleMirror.prefab
  artifactKey: Guid(6880b1a941a48ef418e019336da92bc8) Importer(815301076,1909f56bfc062723c751e8b465ee728b)
Start importing Assets/Prefabs/StaticDoubleMirror.prefab using Guid(6880b1a941a48ef418e019336da92bc8) Importer(815301076,1909f56bfc062723c751e8b465ee728b)  -> (artifact id: 'cba5394ac6d473743eee9b734d1a7b32') in 0.016727 seconds 
  Import took 0.024727 seconds .

========================================================================
Received Import Request.
  Time since last request: 20.715027 seconds.
  path: Assets/Prefabs/Room.prefab
  artifactKey: Guid(ffab5c46f36ba2e40b374a44c6144c5b) Importer(815301076,1909f56bfc062723c751e8b465ee728b)
Start importing Assets/Prefabs/Room.prefab using Guid(ffab5c46f36ba2e40b374a44c6144c5b) Importer(815301076,1909f56bfc062723c751e8b465ee728b)  -> (artifact id: '9c60b8a602fde7f4f61f90aea2db4219') in 0.087695 seconds 
  Import took 0.095309 seconds .

========================================================================
Received Import Request.
  Time since last request: 48.201122 seconds.
  path: Assets/Prefabs/Room.prefab
  artifactKey: Guid(ffab5c46f36ba2e40b374a44c6144c5b) Importer(815301076,1909f56bfc062723c751e8b465ee728b)
Start importing Assets/Prefabs/Room.prefab using Guid(ffab5c46f36ba2e40b374a44c6144c5b) Importer(815301076,1909f56bfc062723c751e8b465ee728b)  -> (artifact id: '25ea3ba8ae4d214710e479e69b04230a') in 0.049644 seconds 
  Import took 0.057184 seconds .

========================================================================
Received Import Request.
  Time since last request: 0.920595 seconds.
  path: Assets/Prefabs/Room.prefab
  artifactKey: Guid(ffab5c46f36ba2e40b374a44c6144c5b) Importer(815301076,1909f56bfc062723c751e8b465ee728b)
Start importing Assets/Prefabs/Room.prefab using Guid(ffab5c46f36ba2e40b374a44c6144c5b) Importer(815301076,1909f56bfc062723c751e8b465ee728b)  -> (artifact id: 'cbec32c0c2e9daf1dca4598059994f7f') in 0.045164 seconds 
  Import took 0.052527 seconds .

========================================================================
Received Import Request.
  Time since last request: 3.933593 seconds.
  path: Assets/Prefabs/Room.prefab
  artifactKey: Guid(ffab5c46f36ba2e40b374a44c6144c5b) Importer(815301076,1909f56bfc062723c751e8b465ee728b)
Start importing Assets/Prefabs/Room.prefab using Guid(ffab5c46f36ba2e40b374a44c6144c5b) Importer(815301076,1909f56bfc062723c751e8b465ee728b)  -> (artifact id: 'b77ceb12fee5df349ef23f2e900d9ab6') in 0.042120 seconds 
  Import took 0.047769 seconds .

========================================================================
Received Import Request.
  Time since last request: 8.291867 seconds.
  path: Assets/Prefabs/Room.prefab
  artifactKey: Guid(ffab5c46f36ba2e40b374a44c6144c5b) Importer(815301076,1909f56bfc062723c751e8b465ee728b)
Start importing Assets/Prefabs/Room.prefab using Guid(ffab5c46f36ba2e40b374a44c6144c5b) Importer(815301076,1909f56bfc062723c751e8b465ee728b)  -> (artifact id: '9b2090688709bb2efeda637a6327212f') in 0.055847 seconds 
  Import took 0.062471 seconds .

========================================================================
Received Import Request.
  Time since last request: 34.522641 seconds.
  path: Assets/Prefabs/Room.prefab
  artifactKey: Guid(ffab5c46f36ba2e40b374a44c6144c5b) Importer(815301076,1909f56bfc062723c751e8b465ee728b)
Start importing Assets/Prefabs/Room.prefab using Guid(ffab5c46f36ba2e40b374a44c6144c5b) Importer(815301076,1909f56bfc062723c751e8b465ee728b)  -> (artifact id: '1f71f7a4e71bda6d24c77af12075106c') in 0.048883 seconds 
  Import took 0.054924 seconds .

========================================================================
Received Import Request.
  Time since last request: 6.004532 seconds.
  path: Assets/Prefabs/Room.prefab
  artifactKey: Guid(ffab5c46f36ba2e40b374a44c6144c5b) Importer(815301076,1909f56bfc062723c751e8b465ee728b)
Start importing Assets/Prefabs/Room.prefab using Guid(ffab5c46f36ba2e40b374a44c6144c5b) Importer(815301076,1909f56bfc062723c751e8b465ee728b)  -> (artifact id: 'a9c536a31d8b47ef0ec7e88d95f442f1') in 0.055892 seconds 
  Import took 0.065099 seconds .

========================================================================
Received Import Request.
  Time since last request: 11.199377 seconds.
  path: Assets/Prefabs/Room.prefab
  artifactKey: Guid(ffab5c46f36ba2e40b374a44c6144c5b) Importer(815301076,1909f56bfc062723c751e8b465ee728b)
Start importing Assets/Prefabs/Room.prefab using Guid(ffab5c46f36ba2e40b374a44c6144c5b) Importer(815301076,1909f56bfc062723c751e8b465ee728b)  -> (artifact id: '65b3bfa9926c3a95321ad2ab00b489a8') in 0.058411 seconds 
  Import took 0.065999 seconds .

========================================================================
Received Import Request.
  Time since last request: 5.836001 seconds.
  path: Assets/Prefabs/Room.prefab
  artifactKey: Guid(ffab5c46f36ba2e40b374a44c6144c5b) Importer(815301076,1909f56bfc062723c751e8b465ee728b)
Start importing Assets/Prefabs/Room.prefab using Guid(ffab5c46f36ba2e40b374a44c6144c5b) Importer(815301076,1909f56bfc062723c751e8b465ee728b)  -> (artifact id: '868fa00e6438f199a9c58acb0e1ce72d') in 0.058199 seconds 
  Import took 0.067238 seconds .

========================================================================
Received Import Request.
  Time since last request: 2.365765 seconds.
  path: Assets/Prefabs/Room.prefab
  artifactKey: Guid(ffab5c46f36ba2e40b374a44c6144c5b) Importer(815301076,1909f56bfc062723c751e8b465ee728b)
Start importing Assets/Prefabs/Room.prefab using Guid(ffab5c46f36ba2e40b374a44c6144c5b) Importer(815301076,1909f56bfc062723c751e8b465ee728b)  -> (artifact id: 'd792beceaa898cba3ff5d003bf986e26') in 0.050805 seconds 
  Import took 0.057399 seconds .

========================================================================
Received Import Request.
  Time since last request: 6.204056 seconds.
  path: Assets/Prefabs/Room.prefab
  artifactKey: Guid(ffab5c46f36ba2e40b374a44c6144c5b) Importer(815301076,1909f56bfc062723c751e8b465ee728b)
Start importing Assets/Prefabs/Room.prefab using Guid(ffab5c46f36ba2e40b374a44c6144c5b) Importer(815301076,1909f56bfc062723c751e8b465ee728b)  -> (artifact id: '6256b109125e52c69b8645d7ee1f74a4') in 0.051937 seconds 
  Import took 0.058420 seconds .

========================================================================
Received Import Request.
  Time since last request: 1.979892 seconds.
  path: Assets/Prefabs/Room.prefab
  artifactKey: Guid(ffab5c46f36ba2e40b374a44c6144c5b) Importer(815301076,1909f56bfc062723c751e8b465ee728b)
Start importing Assets/Prefabs/Room.prefab using Guid(ffab5c46f36ba2e40b374a44c6144c5b) Importer(815301076,1909f56bfc062723c751e8b465ee728b)  -> (artifact id: 'ca9f5d4dbe3d591ed0b782fe8f8b1b53') in 0.052885 seconds 
  Import took 0.061748 seconds .

========================================================================
Received Import Request.
  Time since last request: 12.182192 seconds.
  path: Assets/Prefabs/Room.prefab
  artifactKey: Guid(ffab5c46f36ba2e40b374a44c6144c5b) Importer(815301076,1909f56bfc062723c751e8b465ee728b)
Start importing Assets/Prefabs/Room.prefab using Guid(ffab5c46f36ba2e40b374a44c6144c5b) Importer(815301076,1909f56bfc062723c751e8b465ee728b)  -> (artifact id: 'b157ba02abdec58160c1803776c3a81a') in 0.048306 seconds 
  Import took 0.056216 seconds .

========================================================================
Received Import Request.
  Time since last request: 7.689439 seconds.
  path: Assets/Prefabs/Room.prefab
  artifactKey: Guid(ffab5c46f36ba2e40b374a44c6144c5b) Importer(815301076,1909f56bfc062723c751e8b465ee728b)
Start importing Assets/Prefabs/Room.prefab using Guid(ffab5c46f36ba2e40b374a44c6144c5b) Importer(815301076,1909f56bfc062723c751e8b465ee728b)  -> (artifact id: '6e03424840f5ba632476dcae8108f446') in 0.054584 seconds 
  Import took 0.061458 seconds .

========================================================================
Received Import Request.
  Time since last request: 9.564300 seconds.
  path: Assets/Prefabs/Room.prefab
  artifactKey: Guid(ffab5c46f36ba2e40b374a44c6144c5b) Importer(815301076,1909f56bfc062723c751e8b465ee728b)
Start importing Assets/Prefabs/Room.prefab using Guid(ffab5c46f36ba2e40b374a44c6144c5b) Importer(815301076,1909f56bfc062723c751e8b465ee728b)  -> (artifact id: 'eb92cb7358be3a87f5b36f161371456f') in 0.059938 seconds 
  Import took 0.069503 seconds .

========================================================================
Received Import Request.
  Time since last request: 7.718460 seconds.
  path: Assets/Prefabs/Room.prefab
  artifactKey: Guid(ffab5c46f36ba2e40b374a44c6144c5b) Importer(815301076,1909f56bfc062723c751e8b465ee728b)
Start importing Assets/Prefabs/Room.prefab using Guid(ffab5c46f36ba2e40b374a44c6144c5b) Importer(815301076,1909f56bfc062723c751e8b465ee728b)  -> (artifact id: '612b7130d8aac8b330f3f5d22a0693b5') in 0.053213 seconds 
  Import took 0.060132 seconds .

========================================================================
Received Import Request.
  Time since last request: 15.513104 seconds.
  path: Assets/Prefabs/Room.prefab
  artifactKey: Guid(ffab5c46f36ba2e40b374a44c6144c5b) Importer(815301076,1909f56bfc062723c751e8b465ee728b)
Start importing Assets/Prefabs/Room.prefab using Guid(ffab5c46f36ba2e40b374a44c6144c5b) Importer(815301076,1909f56bfc062723c751e8b465ee728b)  -> (artifact id: 'aa7142ff9845d1e8d62c51ded082f843') in 0.049857 seconds 
  Import took 0.055950 seconds .

========================================================================
Received Import Request.
  Time since last request: 12.305185 seconds.
  path: Assets/Prefabs/Room.prefab
  artifactKey: Guid(ffab5c46f36ba2e40b374a44c6144c5b) Importer(815301076,1909f56bfc062723c751e8b465ee728b)
Start importing Assets/Prefabs/Room.prefab using Guid(ffab5c46f36ba2e40b374a44c6144c5b) Importer(815301076,1909f56bfc062723c751e8b465ee728b)  -> (artifact id: '42f12b3d1680099a6d233e08ee825cbb') in 0.054262 seconds 
  Import took 0.062899 seconds .

========================================================================
Received Import Request.
  Time since last request: 15.912739 seconds.
  path: Assets/Prefabs/Room.prefab
  artifactKey: Guid(ffab5c46f36ba2e40b374a44c6144c5b) Importer(815301076,1909f56bfc062723c751e8b465ee728b)
Start importing Assets/Prefabs/Room.prefab using Guid(ffab5c46f36ba2e40b374a44c6144c5b) Importer(815301076,1909f56bfc062723c751e8b465ee728b)  -> (artifact id: 'e0239abd066793a2d86a4ec67e8482ec') in 0.050527 seconds 
  Import took 0.057011 seconds .

========================================================================
Received Import Request.
  Time since last request: 80.298256 seconds.
  path: Assets/Prefabs/Room.prefab
  artifactKey: Guid(ffab5c46f36ba2e40b374a44c6144c5b) Importer(815301076,1909f56bfc062723c751e8b465ee728b)
Start importing Assets/Prefabs/Room.prefab using Guid(ffab5c46f36ba2e40b374a44c6144c5b) Importer(815301076,1909f56bfc062723c751e8b465ee728b)  -> (artifact id: '51ba4990923bfb2f47c38105d1e5b6df') in 0.069388 seconds 
  Import took 0.077065 seconds .

========================================================================
Received Import Request.
  Time since last request: 18.037354 seconds.
  path: Assets/Prefabs/Room.prefab
  artifactKey: Guid(ffab5c46f36ba2e40b374a44c6144c5b) Importer(815301076,1909f56bfc062723c751e8b465ee728b)
Start importing Assets/Prefabs/Room.prefab using Guid(ffab5c46f36ba2e40b374a44c6144c5b) Importer(815301076,1909f56bfc062723c751e8b465ee728b)  -> (artifact id: '8dedabb2f417566af73559312757cba2') in 0.052395 seconds 
  Import took 0.060467 seconds .

========================================================================
Received Import Request.
  Time since last request: 10.481275 seconds.
  path: Assets/Prefabs/Room.prefab
  artifactKey: Guid(ffab5c46f36ba2e40b374a44c6144c5b) Importer(815301076,1909f56bfc062723c751e8b465ee728b)
Start importing Assets/Prefabs/Room.prefab using Guid(ffab5c46f36ba2e40b374a44c6144c5b) Importer(815301076,1909f56bfc062723c751e8b465ee728b)  -> (artifact id: '2bd8de4f5b203061d8310e2ce1e42355') in 0.048508 seconds 
  Import took 0.055097 seconds .

========================================================================
Received Import Request.
  Time since last request: 6.914153 seconds.
  path: Assets/Prefabs/Room.prefab
  artifactKey: Guid(ffab5c46f36ba2e40b374a44c6144c5b) Importer(815301076,1909f56bfc062723c751e8b465ee728b)
Start importing Assets/Prefabs/Room.prefab using Guid(ffab5c46f36ba2e40b374a44c6144c5b) Importer(815301076,1909f56bfc062723c751e8b465ee728b)  -> (artifact id: 'b96e8c04a45d839b5a21ea727ccc7c41') in 0.056220 seconds 
  Import took 0.062623 seconds .

========================================================================
Received Import Request.
  Time since last request: 34.412469 seconds.
  path: Assets/Prefabs/Room.prefab
  artifactKey: Guid(ffab5c46f36ba2e40b374a44c6144c5b) Importer(815301076,1909f56bfc062723c751e8b465ee728b)
Start importing Assets/Prefabs/Room.prefab using Guid(ffab5c46f36ba2e40b374a44c6144c5b) Importer(815301076,1909f56bfc062723c751e8b465ee728b)  -> (artifact id: 'b3160a60dc8b99adbf905f60439c8f36') in 0.048951 seconds 
  Import took 0.055450 seconds .

========================================================================
Received Import Request.
  Time since last request: 38.881536 seconds.
  path: Assets/Prefabs/Room.prefab
  artifactKey: Guid(ffab5c46f36ba2e40b374a44c6144c5b) Importer(815301076,1909f56bfc062723c751e8b465ee728b)
Start importing Assets/Prefabs/Room.prefab using Guid(ffab5c46f36ba2e40b374a44c6144c5b) Importer(815301076,1909f56bfc062723c751e8b465ee728b)  -> (artifact id: '0855f8222f127e8768aa6d25dac29468') in 0.046655 seconds 
  Import took 0.053647 seconds .

========================================================================
Received Import Request.
  Time since last request: 5.448379 seconds.
  path: Assets/Prefabs/Room.prefab
  artifactKey: Guid(ffab5c46f36ba2e40b374a44c6144c5b) Importer(815301076,1909f56bfc062723c751e8b465ee728b)
Start importing Assets/Prefabs/Room.prefab using Guid(ffab5c46f36ba2e40b374a44c6144c5b) Importer(815301076,1909f56bfc062723c751e8b465ee728b)  -> (artifact id: '5f86f2069de55ef688b7df50b30d7aa4') in 0.054874 seconds 
  Import took 0.062020 seconds .

========================================================================
Received Import Request.
  Time since last request: 8.031112 seconds.
  path: Assets/Prefabs/Room.prefab
  artifactKey: Guid(ffab5c46f36ba2e40b374a44c6144c5b) Importer(815301076,1909f56bfc062723c751e8b465ee728b)
Start importing Assets/Prefabs/Room.prefab using Guid(ffab5c46f36ba2e40b374a44c6144c5b) Importer(815301076,1909f56bfc062723c751e8b465ee728b)  -> (artifact id: 'f7d09b3f1b9572f1e8942eb7c2b7c275') in 0.054835 seconds 
  Import took 0.063134 seconds .

========================================================================
Received Import Request.
  Time since last request: 82.680056 seconds.
  path: Assets/Scripts/GameManager.cs
  artifactKey: Guid(bb541b07f0cf9bc44bfd76df9b143223) Importer(815301076,1909f56bfc062723c751e8b465ee728b)
Start importing Assets/Scripts/GameManager.cs using Guid(bb541b07f0cf9bc44bfd76df9b143223) Importer(815301076,1909f56bfc062723c751e8b465ee728b)  -> (artifact id: 'ca9355f94b5a11e44ddd9deb536fc335') in 0.008812 seconds 
  Import took 0.015874 seconds .

========================================================================
Received Prepare
Registering precompiled user dll's ...
Registered in 0.030882 seconds.
Begin MonoManager ReloadAssembly
Native extension for WindowsStandalone target not found
Native extension for WebGL target not found
Refreshing native plugins compatible for Editor in 1.16 ms, found 19 plugins.
Preloading 2 native plugins for Editor in 0.19 ms.
System.Reflection.TargetInvocationException: Exception has been thrown by the target of an invocation. ---> System.NullReferenceException: Object reference not set to an instance of an object
  at Unity.XR.Oculus.OculusLoader.AssetPathToAbsolutePath (System.String assetPath) [0x0004c] in C:\Users\inger\OneDrive\Documents\HKU\Y1\ISA\VR-Puzzle-Game\VR puzzler\Library\PackageCache\com.unity.xr.oculus@1.10.0\Runtime\OculusLoader.cs:250 
  at Unity.XR.Oculus.OculusLoader.EditorLoadOVRPlugin () [0x000b0] in C:\Users\inger\OneDrive\Documents\HKU\Y1\ISA\VR-Puzzle-Game\VR puzzler\Library\PackageCache\com.unity.xr.oculus@1.10.0\Runtime\OculusLoader.cs:235 
  at (wrapper managed-to-native) System.Reflection.MonoMethod.InternalInvoke(System.Reflection.MonoMethod,object,object[],System.Exception&)
  at System.Reflection.MonoMethod.Invoke (System.Object obj, System.Reflection.BindingFlags invokeAttr, System.Reflection.Binder binder, System.Object[] parameters, System.Globalization.CultureInfo culture) [0x00032] in <695d1cc93cca45069c528c15c9fdd749>:0 
   --- End of inner exception stack trace ---
  at System.Reflection.MonoMethod.Invoke (System.Object obj, System.Reflection.BindingFlags invokeAttr, System.Reflection.Binder binder, System.Object[] parameters, System.Globalization.CultureInfo culture) [0x00048] in <695d1cc93cca45069c528c15c9fdd749>:0 
  at System.Reflection.MethodBase.Invoke (System.Object obj, System.Object[] parameters) [0x00000] in <695d1cc93cca45069c528c15c9fdd749>:0 
  at UnityEditor.EditorAssemblies.ProcessInitializeOnLoadMethodAttributes () [0x00047] in <d0e4b8c1204147f3935b6e9c8b8565ad>:0 
UnityEngine.StackTraceUtility:ExtractStackTrace ()
UnityEngine.DebugLogHandler:LogFormat (UnityEngine.LogType,UnityEngine.Object,string,object[])
UnityEngine.Logger:Log (UnityEngine.LogType,object)
UnityEngine.Debug:LogError (object)
UnityEditor.EditorAssemblies:ProcessInitializeOnLoadMethodAttributes ()

Mono: successfully reloaded assembly
- Completed reload, in  1.805 seconds
Domain Reload Profiling:
	ReloadAssembly (1805ms)
		BeginReloadAssembly (160ms)
			ExecutionOrderSort (0ms)
			DisableScriptedObjects (6ms)
			BackupInstance (0ms)
			ReleaseScriptingObjects (0ms)
			CreateAndSetChildDomain (62ms)
		EndReloadAssembly (1550ms)
			LoadAssemblies (130ms)
			RebuildTransferFunctionScriptingTraits (0ms)
			SetupTypeCache (442ms)
			ReleaseScriptCaches (1ms)
			RebuildScriptCaches (76ms)
			SetupLoadedEditorAssemblies (680ms)
				LogAssemblyErrors (0ms)
				InitializePlatformSupportModulesInManaged (6ms)
				SetLoadedEditorAssemblies (1ms)
				RefreshPlugins (1ms)
				BeforeProcessingInitializeOnLoad (124ms)
				ProcessInitializeOnLoadAttributes (521ms)
				ProcessInitializeOnLoadMethodAttributes (18ms)
				AfterProcessingInitializeOnLoad (9ms)
				EditorAssembliesLoaded (0ms)
			ExecutionOrderSort2 (0ms)
			AwakeInstancesAfterBackupRestoration (10ms)
Platform modules already initialized, skipping
Refreshing native plugins compatible for Editor in 1.16 ms, found 19 plugins.
Preloading 2 native plugins for Editor in 0.15 ms.
Unloading 2471 Unused Serialized files (Serialized files now loaded: 0)
System memory in use before: 129.3 MB.
System memory in use after: 129.5 MB.

Unloading 37 unused Assets to reduce memory usage. Loaded Objects now: 3059.
Total: 3.879700 ms (FindLiveObjects: 0.306900 ms CreateObjectMapping: 0.121200 ms MarkObjects: 3.352000 ms  DeleteObjects: 0.098800 ms)

AssetImportParameters requested are different than current active one (requested -> active):
  custom:framework-win-MediaFoundation: 216162199b28c13a410421893ffa2e32 -> 
  custom:video-decoder-ogg-theora: a1e56fd34408186e4bbccfd4996cb3dc -> 
  custom:container-muxer-webm: aa71ff27fc2769a1b78a27578f13a17b -> 
  custom:container-demuxer-webm: 4f35f7cbe854078d1ac9338744f61a02 -> 
  custom:container-demuxer-ogg: 62fdf1f143b41e24485cea50d1cbac27 -> 
  custom:video-encoder-webm-vp8: eb34c28f22e8b96e1ab97ce403110664 -> 
  custom:video-codec-MediaFoundation-h265: 746d11721c4dcdbdad8f713fa42b33f4 -> 
  custom:video-decoder-webm-vp8: 9c59270c3fd7afecdb556c50c9e8de78 -> 
  custom:audio-decoder-ogg-vorbis: bf7c407c2cedff20999df2af8eb42d56 -> 
  custom:audio-encoder-webm-vorbis: bf7c407c2cedff20999df2af8eb42d56 -> 
========================================================================
Received Import Request.
  Time since last request: 128.232302 seconds.
  path: Assets/Scripts/GameManager.cs
  artifactKey: Guid(bb541b07f0cf9bc44bfd76df9b143223) Importer(815301076,1909f56bfc062723c751e8b465ee728b)
Start importing Assets/Scripts/GameManager.cs using Guid(bb541b07f0cf9bc44bfd76df9b143223) Importer(815301076,1909f56bfc062723c751e8b465ee728b)  -> (artifact id: '02d385d6966063db66c9433390cdf578') in 0.007905 seconds 
  Import took 0.013440 seconds .

========================================================================
Received Import Request.
  Time since last request: 9.278954 seconds.
  path: Assets/Scenes/Level1.unity
  artifactKey: Guid(479bc634d82d0174a91e871d11a77950) Importer(815301076,1909f56bfc062723c751e8b465ee728b)
Start importing Assets/Scenes/Level1.unity using Guid(479bc634d82d0174a91e871d11a77950) Importer(815301076,1909f56bfc062723c751e8b465ee728b)  -> (artifact id: '576d6e03d8644d8273671a8c1a144f05') in 0.024281 seconds 
  Import took 0.031451 seconds .

========================================================================
Received Import Request.
  Time since last request: 15.685068 seconds.
  path: Assets/Scenes/Level2.unity
  artifactKey: Guid(ae91fd17684a6f64695759f3cfef081d) Importer(815301076,1909f56bfc062723c751e8b465ee728b)
Start importing Assets/Scenes/Level2.unity using Guid(ae91fd17684a6f64695759f3cfef081d) Importer(815301076,1909f56bfc062723c751e8b465ee728b)  -> (artifact id: '6454836f6bb631cd38e3b40b8bbe9939') in 0.012915 seconds 
  Import took 0.021103 seconds .

========================================================================
Received Import Request.
  Time since last request: 11.563385 seconds.
  path: Assets/Scenes/Level3.unity
  artifactKey: Guid(78a512572b20887468bbd6c31d6f4c7f) Importer(815301076,1909f56bfc062723c751e8b465ee728b)
Start importing Assets/Scenes/Level3.unity using Guid(78a512572b20887468bbd6c31d6f4c7f) Importer(815301076,1909f56bfc062723c751e8b465ee728b)  -> (artifact id: 'ea6f68802758e4bf34aac43b40da7c91') in 0.015294 seconds 
  Import took 0.021677 seconds .

========================================================================
Received Import Request.
  Time since last request: 0.017735 seconds.
  path: Assets/Scenes/Level3.unity
  artifactKey: Guid(78a512572b20887468bbd6c31d6f4c7f) Importer(815301076,1909f56bfc062723c751e8b465ee728b)
Start importing Assets/Scenes/Level3.unity using Guid(78a512572b20887468bbd6c31d6f4c7f) Importer(815301076,1909f56bfc062723c751e8b465ee728b)  -> (artifact id: 'ea6f68802758e4bf34aac43b40da7c91') in 0.004965 seconds 
  Import took 0.012693 seconds .

========================================================================
Received Import Request.
  Time since last request: 10.013978 seconds.
  path: Assets/Scenes/Level4.unity
  artifactKey: Guid(5f37b90a493ab074f8c86114281fcbd4) Importer(815301076,1909f56bfc062723c751e8b465ee728b)
Start importing Assets/Scenes/Level4.unity using Guid(5f37b90a493ab074f8c86114281fcbd4) Importer(815301076,1909f56bfc062723c751e8b465ee728b)  -> (artifact id: 'd116411b3fe65223a573b67c2e614392') in 0.014696 seconds 
  Import took 0.021013 seconds .

========================================================================
Received Import Request.
  Time since last request: 12.750509 seconds.
  path: Assets/Scenes/Level5.unity
  artifactKey: Guid(ef96a027b99173449ae1e1e00a51b3cb) Importer(815301076,1909f56bfc062723c751e8b465ee728b)
Start importing Assets/Scenes/Level5.unity using Guid(ef96a027b99173449ae1e1e00a51b3cb) Importer(815301076,1909f56bfc062723c751e8b465ee728b)  -> (artifact id: '8c7cac4aced7211ab9b83103700b7e66') in 0.007063 seconds 
  Import took 0.015117 seconds .

========================================================================
Received Import Request.
  Time since last request: 1193.197852 seconds.
  path: Assets/LevelCleared.mp3
  artifactKey: Guid(eb97b1cd26fd65645aa863ffa9038e95) Importer(815301076,1909f56bfc062723c751e8b465ee728b)
Start importing Assets/LevelCleared.mp3 using Guid(eb97b1cd26fd65645aa863ffa9038e95) Importer(815301076,1909f56bfc062723c751e8b465ee728b)  -> (artifact id: '923e5f46f7a92e211c7385a1e00983a9') in 0.140250 seconds 
  Import took 0.146739 seconds .

========================================================================
Received Import Request.
  Time since last request: 26.482716 seconds.
  path: Assets/Sound
  artifactKey: Guid(487a7fef43cb8cb4dbe88e41b580ba54) Importer(815301076,1909f56bfc062723c751e8b465ee728b)
Start importing Assets/Sound using Guid(487a7fef43cb8cb4dbe88e41b580ba54) Importer(815301076,1909f56bfc062723c751e8b465ee728b)  -> (artifact id: '0439c0e849e31d1978681cd60afa43af') in 0.013060 seconds 
  Import took 0.019590 seconds .

========================================================================
Received Import Request.
  Time since last request: 3.564715 seconds.
  path: Assets/Prefabs/GameManager.prefab
  artifactKey: Guid(4b61537c354c3fb4cae78e63016630d6) Importer(815301076,1909f56bfc062723c751e8b465ee728b)
Start importing Assets/Prefabs/GameManager.prefab using Guid(4b61537c354c3fb4cae78e63016630d6) Importer(815301076,1909f56bfc062723c751e8b465ee728b)  -> (artifact id: 'e4fd99c36a0ae544e3012cb8f3f6b4c5') in 0.024178 seconds 
  Import took 0.032378 seconds .

========================================================================
Received Prepare
Registering precompiled user dll's ...
Registered in 0.024007 seconds.
Begin MonoManager ReloadAssembly
Native extension for WindowsStandalone target not found
Native extension for WebGL target not found
Refreshing native plugins compatible for Editor in 1.00 ms, found 19 plugins.
Preloading 2 native plugins for Editor in 0.25 ms.
System.Reflection.TargetInvocationException: Exception has been thrown by the target of an invocation. ---> System.NullReferenceException: Object reference not set to an instance of an object
  at Unity.XR.Oculus.OculusLoader.AssetPathToAbsolutePath (System.String assetPath) [0x0004c] in C:\Users\inger\OneDrive\Documents\HKU\Y1\ISA\VR-Puzzle-Game\VR puzzler\Library\PackageCache\com.unity.xr.oculus@1.10.0\Runtime\OculusLoader.cs:250 
  at Unity.XR.Oculus.OculusLoader.EditorLoadOVRPlugin () [0x000b0] in C:\Users\inger\OneDrive\Documents\HKU\Y1\ISA\VR-Puzzle-Game\VR puzzler\Library\PackageCache\com.unity.xr.oculus@1.10.0\Runtime\OculusLoader.cs:235 
  at (wrapper managed-to-native) System.Reflection.MonoMethod.InternalInvoke(System.Reflection.MonoMethod,object,object[],System.Exception&)
  at System.Reflection.MonoMethod.Invoke (System.Object obj, System.Reflection.BindingFlags invokeAttr, System.Reflection.Binder binder, System.Object[] parameters, System.Globalization.CultureInfo culture) [0x00032] in <695d1cc93cca45069c528c15c9fdd749>:0 
   --- End of inner exception stack trace ---
  at System.Reflection.MonoMethod.Invoke (System.Object obj, System.Reflection.BindingFlags invokeAttr, System.Reflection.Binder binder, System.Object[] parameters, System.Globalization.CultureInfo culture) [0x00048] in <695d1cc93cca45069c528c15c9fdd749>:0 
  at System.Reflection.MethodBase.Invoke (System.Object obj, System.Object[] parameters) [0x00000] in <695d1cc93cca45069c528c15c9fdd749>:0 
  at UnityEditor.EditorAssemblies.ProcessInitializeOnLoadMethodAttributes () [0x00047] in <d0e4b8c1204147f3935b6e9c8b8565ad>:0 
UnityEngine.StackTraceUtility:ExtractStackTrace ()
UnityEngine.DebugLogHandler:LogFormat (UnityEngine.LogType,UnityEngine.Object,string,object[])
UnityEngine.Logger:Log (UnityEngine.LogType,object)
UnityEngine.Debug:LogError (object)
UnityEditor.EditorAssemblies:ProcessInitializeOnLoadMethodAttributes ()

Mono: successfully reloaded assembly
- Completed reload, in  1.989 seconds
Domain Reload Profiling:
	ReloadAssembly (1989ms)
		BeginReloadAssembly (161ms)
			ExecutionOrderSort (0ms)
			DisableScriptedObjects (6ms)
			BackupInstance (0ms)
			ReleaseScriptingObjects (0ms)
			CreateAndSetChildDomain (55ms)
		EndReloadAssembly (1735ms)
			LoadAssemblies (147ms)
			RebuildTransferFunctionScriptingTraits (0ms)
			SetupTypeCache (504ms)
			ReleaseScriptCaches (1ms)
			RebuildScriptCaches (72ms)
			SetupLoadedEditorAssemblies (763ms)
				LogAssemblyErrors (0ms)
				InitializePlatformSupportModulesInManaged (8ms)
				SetLoadedEditorAssemblies (1ms)
				RefreshPlugins (1ms)
				BeforeProcessingInitializeOnLoad (151ms)
				ProcessInitializeOnLoadAttributes (575ms)
				ProcessInitializeOnLoadMethodAttributes (17ms)
				AfterProcessingInitializeOnLoad (10ms)
				EditorAssembliesLoaded (1ms)
			ExecutionOrderSort2 (0ms)
			AwakeInstancesAfterBackupRestoration (10ms)
Platform modules already initialized, skipping
Refreshing native plugins compatible for Editor in 1.83 ms, found 19 plugins.
Preloading 2 native plugins for Editor in 0.20 ms.
Unloading 2471 Unused Serialized files (Serialized files now loaded: 0)
System memory in use before: 129.4 MB.
System memory in use after: 129.6 MB.

Unloading 35 unused Assets to reduce memory usage. Loaded Objects now: 3065.
Total: 4.877300 ms (FindLiveObjects: 0.445100 ms CreateObjectMapping: 0.111000 ms MarkObjects: 4.246300 ms  DeleteObjects: 0.074200 ms)

AssetImportParameters requested are different than current active one (requested -> active):
  custom:framework-win-MediaFoundation: 216162199b28c13a410421893ffa2e32 -> 
  custom:video-decoder-ogg-theora: a1e56fd34408186e4bbccfd4996cb3dc -> 
  custom:container-muxer-webm: aa71ff27fc2769a1b78a27578f13a17b -> 
  custom:container-demuxer-webm: 4f35f7cbe854078d1ac9338744f61a02 -> 
  custom:container-demuxer-ogg: 62fdf1f143b41e24485cea50d1cbac27 -> 
  custom:video-encoder-webm-vp8: eb34c28f22e8b96e1ab97ce403110664 -> 
  custom:video-codec-MediaFoundation-h265: 746d11721c4dcdbdad8f713fa42b33f4 -> 
  custom:video-decoder-webm-vp8: 9c59270c3fd7afecdb556c50c9e8de78 -> 
  custom:audio-decoder-ogg-vorbis: bf7c407c2cedff20999df2af8eb42d56 -> 
  custom:audio-encoder-webm-vorbis: bf7c407c2cedff20999df2af8eb42d56 -> 
========================================================================
Received Import Request.
  Time since last request: 64.209383 seconds.
  path: Assets/Scenes/Level1.unity
  artifactKey: Guid(479bc634d82d0174a91e871d11a77950) Importer(815301076,1909f56bfc062723c751e8b465ee728b)
Start importing Assets/Scenes/Level1.unity using Guid(479bc634d82d0174a91e871d11a77950) Importer(815301076,1909f56bfc062723c751e8b465ee728b)  -> (artifact id: 'a77264660fac2567f81ac3692e1d06d1') in 0.030039 seconds 
  Import took 0.039766 seconds .

========================================================================
Received Prepare
Registering precompiled user dll's ...
Registered in 0.024218 seconds.
Begin MonoManager ReloadAssembly
Native extension for WindowsStandalone target not found
Native extension for WebGL target not found
Refreshing native plugins compatible for Editor in 1.01 ms, found 19 plugins.
Preloading 2 native plugins for Editor in 0.15 ms.
System.Reflection.TargetInvocationException: Exception has been thrown by the target of an invocation. ---> System.NullReferenceException: Object reference not set to an instance of an object
  at Unity.XR.Oculus.OculusLoader.AssetPathToAbsolutePath (System.String assetPath) [0x0004c] in C:\Users\inger\OneDrive\Documents\HKU\Y1\ISA\VR-Puzzle-Game\VR puzzler\Library\PackageCache\com.unity.xr.oculus@1.10.0\Runtime\OculusLoader.cs:250 
  at Unity.XR.Oculus.OculusLoader.EditorLoadOVRPlugin () [0x000b0] in C:\Users\inger\OneDrive\Documents\HKU\Y1\ISA\VR-Puzzle-Game\VR puzzler\Library\PackageCache\com.unity.xr.oculus@1.10.0\Runtime\OculusLoader.cs:235 
  at (wrapper managed-to-native) System.Reflection.MonoMethod.InternalInvoke(System.Reflection.MonoMethod,object,object[],System.Exception&)
  at System.Reflection.MonoMethod.Invoke (System.Object obj, System.Reflection.BindingFlags invokeAttr, System.Reflection.Binder binder, System.Object[] parameters, System.Globalization.CultureInfo culture) [0x00032] in <695d1cc93cca45069c528c15c9fdd749>:0 
   --- End of inner exception stack trace ---
  at System.Reflection.MonoMethod.Invoke (System.Object obj, System.Reflection.BindingFlags invokeAttr, System.Reflection.Binder binder, System.Object[] parameters, System.Globalization.CultureInfo culture) [0x00048] in <695d1cc93cca45069c528c15c9fdd749>:0 
  at System.Reflection.MethodBase.Invoke (System.Object obj, System.Object[] parameters) [0x00000] in <695d1cc93cca45069c528c15c9fdd749>:0 
  at UnityEditor.EditorAssemblies.ProcessInitializeOnLoadMethodAttributes () [0x00047] in <d0e4b8c1204147f3935b6e9c8b8565ad>:0 
UnityEngine.StackTraceUtility:ExtractStackTrace ()
UnityEngine.DebugLogHandler:LogFormat (UnityEngine.LogType,UnityEngine.Object,string,object[])
UnityEngine.Logger:Log (UnityEngine.LogType,object)
UnityEngine.Debug:LogError (object)
UnityEditor.EditorAssemblies:ProcessInitializeOnLoadMethodAttributes ()

Mono: successfully reloaded assembly
- Completed reload, in  1.828 seconds
Domain Reload Profiling:
	ReloadAssembly (1828ms)
		BeginReloadAssembly (190ms)
			ExecutionOrderSort (0ms)
			DisableScriptedObjects (6ms)
			BackupInstance (0ms)
			ReleaseScriptingObjects (0ms)
			CreateAndSetChildDomain (64ms)
		EndReloadAssembly (1505ms)
			LoadAssemblies (153ms)
			RebuildTransferFunctionScriptingTraits (0ms)
			SetupTypeCache (478ms)
			ReleaseScriptCaches (1ms)
			RebuildScriptCaches (54ms)
			SetupLoadedEditorAssemblies (676ms)
				LogAssemblyErrors (0ms)
				InitializePlatformSupportModulesInManaged (6ms)
				SetLoadedEditorAssemblies (1ms)
				RefreshPlugins (1ms)
				BeforeProcessingInitializeOnLoad (120ms)
				ProcessInitializeOnLoadAttributes (523ms)
				ProcessInitializeOnLoadMethodAttributes (16ms)
				AfterProcessingInitializeOnLoad (9ms)
				EditorAssembliesLoaded (0ms)
			ExecutionOrderSort2 (0ms)
			AwakeInstancesAfterBackupRestoration (11ms)
Platform modules already initialized, skipping
Refreshing native plugins compatible for Editor in 2.13 ms, found 19 plugins.
Preloading 2 native plugins for Editor in 0.42 ms.
Unloading 2471 Unused Serialized files (Serialized files now loaded: 0)
System memory in use before: 129.3 MB.
System memory in use after: 129.5 MB.

Unloading 35 unused Assets to reduce memory usage. Loaded Objects now: 3068.
Total: 6.096500 ms (FindLiveObjects: 0.498900 ms CreateObjectMapping: 0.113900 ms MarkObjects: 5.421600 ms  DeleteObjects: 0.061000 ms)

AssetImportParameters requested are different than current active one (requested -> active):
  custom:framework-win-MediaFoundation: 216162199b28c13a410421893ffa2e32 -> 
  custom:video-decoder-ogg-theora: a1e56fd34408186e4bbccfd4996cb3dc -> 
  custom:container-muxer-webm: aa71ff27fc2769a1b78a27578f13a17b -> 
  custom:container-demuxer-webm: 4f35f7cbe854078d1ac9338744f61a02 -> 
  custom:container-demuxer-ogg: 62fdf1f143b41e24485cea50d1cbac27 -> 
  custom:video-encoder-webm-vp8: eb34c28f22e8b96e1ab97ce403110664 -> 
  custom:video-codec-MediaFoundation-h265: 746d11721c4dcdbdad8f713fa42b33f4 -> 
  custom:video-decoder-webm-vp8: 9c59270c3fd7afecdb556c50c9e8de78 -> 
  custom:audio-decoder-ogg-vorbis: bf7c407c2cedff20999df2af8eb42d56 -> 
  custom:audio-encoder-webm-vorbis: bf7c407c2cedff20999df2af8eb42d56 -> 
